[2016-04-04 20:14:42.375] [DEBUG] createController - Inside createWsdl methond
[2016-04-05 19:25:06.183] [DEBUG] createController - ******Create WSDL Starts******
[2016-04-05 19:25:06.185] [DEBUG] xmlBuilderHelper - ******Build XML Doc Starts******
[2016-04-05 19:25:32.021] [DEBUG] createController - ******Create WSDL Starts******
[2016-04-05 19:25:32.024] [DEBUG] xmlBuilderHelper - ******Build XML Doc Starts******
[2016-04-05 19:27:24.644] [DEBUG] createController - ******Create WSDL Starts******
[2016-04-05 19:27:27.174] [DEBUG] xmlBuilderHelper - ******Build XML Doc Starts******
[2016-04-05 19:29:38.030] [DEBUG] createController - ******Create WSDL Starts******
[2016-04-05 19:29:38.580] [DEBUG] xmlBuilderHelper - ******Build XML Doc Starts******
[2016-04-05 19:31:20.481] [DEBUG] createController - ******Create WSDL Starts******
[2016-04-05 19:31:21.455] [DEBUG] xmlBuilderHelper - ******Build XML Doc Starts******
[2016-04-05 19:33:12.431] [DEBUG] createController - ******Create WSDL Starts******
[2016-04-05 19:33:12.605] [DEBUG] xmlBuilderHelper - ******Build XML Doc Starts******
[2016-04-05 19:37:15.369] [DEBUG] createController - ******Create WSDL Starts******
[2016-04-05 19:37:16.308] [DEBUG] xmlBuilderHelper - ******Build XML Doc Starts******
[2016-04-05 19:38:49.101] [DEBUG] createController - ******Create WSDL Starts******
[2016-04-05 19:38:49.685] [DEBUG] xmlBuilderHelper - ******Build XML Doc Starts******
[2016-04-05 19:43:40.550] [DEBUG] createController - ******Create WSDL Starts******
[2016-04-05 19:44:05.380] [ERROR] createController - Error occurred while creating wsdl [TypeError: xmlDocHelper.getWSDLTypesEle is not a function]
TypeError: xmlDocHelper.getWSDLTypesEle is not a function
    at exports.createWsdl.getWSDLFile (c:\Users\ss812960\Desktop\Nodejs\WSDL-Generator\server\controllers\createController.js:20:34)
    at c:\Users\ss812960\Desktop\Nodejs\WSDL-Generator\server\controllers\createController.js:45:29
    at Object.exports.createWsdl (c:\Users\ss812960\Desktop\Nodejs\WSDL-Generator\server\controllers\createController.js:55:20)
    at c:\Users\ss812960\Desktop\Nodejs\WSDL-Generator\server\config\router.js:11:20
    at Layer.handle [as handle_request] (c:\Users\ss812960\Desktop\Nodejs\WSDL-Generator\node_modules\express\lib\router\layer.js:95:5)
    at next (c:\Users\ss812960\Desktop\Nodejs\WSDL-Generator\node_modules\express\lib\router\route.js:131:13)
    at Route.dispatch (c:\Users\ss812960\Desktop\Nodejs\WSDL-Generator\node_modules\express\lib\router\route.js:112:3)
    at Layer.handle [as handle_request] (c:\Users\ss812960\Desktop\Nodejs\WSDL-Generator\node_modules\express\lib\router\layer.js:95:5)
    at c:\Users\ss812960\Desktop\Nodejs\WSDL-Generator\node_modules\express\lib\router\index.js:277:22
    at Function.process_params (c:\Users\ss812960\Desktop\Nodejs\WSDL-Generator\node_modules\express\lib\router\index.js:330:12)
    at next (c:\Users\ss812960\Desktop\Nodejs\WSDL-Generator\node_modules\express\lib\router\index.js:271:10)
    at Function.handle (c:\Users\ss812960\Desktop\Nodejs\WSDL-Generator\node_modules\express\lib\router\index.js:176:3)
    at router (c:\Users\ss812960\Desktop\Nodejs\WSDL-Generator\node_modules\express\lib\router\index.js:46:12)
    at Layer.handle [as handle_request] (c:\Users\ss812960\Desktop\Nodejs\WSDL-Generator\node_modules\express\lib\router\layer.js:95:5)
    at trim_prefix (c:\Users\ss812960\Desktop\Nodejs\WSDL-Generator\node_modules\express\lib\router\index.js:312:13)
    at c:\Users\ss812960\Desktop\Nodejs\WSDL-Generator\node_modules\express\lib\router\index.js:280:7
[2016-04-05 20:17:41.228] [DEBUG] createController - ******Create WSDL Starts******
[2016-04-05 20:17:42.159] [DEBUG] xmlBuilderHelper - ******Build XML Doc Starts******
[2016-04-05 20:17:50.472] [ERROR] createController - Error occurred while creating wsdl [Error: The root node has no parent. Use doc() if you need to get the document object.]
Error: The root node has no parent. Use doc() if you need to get the document object.
    at XMLElement.module.exports.XMLNode.up (c:\Users\ss812960\Desktop\Nodejs\WSDL-Generator\node_modules\xmlbuilder\lib\XMLNode.js:292:15)
    at Object.exports.buildXMLDoc (c:\Users\ss812960\Desktop\Nodejs\WSDL-Generator\server\helpers\xmlDocHelper.js:21:60)
    at exports.createWsdl.getWSDLFile (c:\Users\ss812960\Desktop\Nodejs\WSDL-Generator\server\controllers\createController.js:20:50)
    at c:\Users\ss812960\Desktop\Nodejs\WSDL-Generator\server\controllers\createController.js:44:29
    at Object.exports.createWsdl (c:\Users\ss812960\Desktop\Nodejs\WSDL-Generator\server\controllers\createController.js:54:20)
    at c:\Users\ss812960\Desktop\Nodejs\WSDL-Generator\server\config\router.js:11:20
    at Layer.handle [as handle_request] (c:\Users\ss812960\Desktop\Nodejs\WSDL-Generator\node_modules\express\lib\router\layer.js:95:5)
    at next (c:\Users\ss812960\Desktop\Nodejs\WSDL-Generator\node_modules\express\lib\router\route.js:131:13)
    at Route.dispatch (c:\Users\ss812960\Desktop\Nodejs\WSDL-Generator\node_modules\express\lib\router\route.js:112:3)
    at Layer.handle [as handle_request] (c:\Users\ss812960\Desktop\Nodejs\WSDL-Generator\node_modules\express\lib\router\layer.js:95:5)
    at c:\Users\ss812960\Desktop\Nodejs\WSDL-Generator\node_modules\express\lib\router\index.js:277:22
    at Function.process_params (c:\Users\ss812960\Desktop\Nodejs\WSDL-Generator\node_modules\express\lib\router\index.js:330:12)
    at next (c:\Users\ss812960\Desktop\Nodejs\WSDL-Generator\node_modules\express\lib\router\index.js:271:10)
    at Function.handle (c:\Users\ss812960\Desktop\Nodejs\WSDL-Generator\node_modules\express\lib\router\index.js:176:3)
    at router (c:\Users\ss812960\Desktop\Nodejs\WSDL-Generator\node_modules\express\lib\router\index.js:46:12)
    at Layer.handle [as handle_request] (c:\Users\ss812960\Desktop\Nodejs\WSDL-Generator\node_modules\express\lib\router\layer.js:95:5)
[2016-04-05 20:19:09.202] [DEBUG] createController - ******Create WSDL Starts******
[2016-04-05 20:19:09.203] [DEBUG] xmlBuilderHelper - ******Build XML Doc Starts******
[2016-04-05 20:19:59.428] [DEBUG] createController - ******Create WSDL Starts******
[2016-04-05 20:19:59.429] [DEBUG] xmlBuilderHelper - ******Build XML Doc Starts******
[2016-04-05 20:20:19.961] [DEBUG] createController - ******Create WSDL Starts******
[2016-04-05 20:20:19.961] [DEBUG] xmlBuilderHelper - ******Build XML Doc Starts******
[2016-04-05 20:20:31.850] [DEBUG] createController - ******Create WSDL Starts******
[2016-04-05 20:20:31.851] [DEBUG] xmlBuilderHelper - ******Build XML Doc Starts******
[2016-04-05 20:21:51.148] [DEBUG] createController - ******Create WSDL Starts******
[2016-04-05 20:21:51.149] [DEBUG] xmlBuilderHelper - ******Build XML Doc Starts******
[2016-04-05 20:22:32.923] [DEBUG] createController - ******Create WSDL Starts******
[2016-04-05 20:22:32.923] [DEBUG] xmlBuilderHelper - ******Build XML Doc Starts******
[2016-04-05 20:24:18.362] [DEBUG] createController - ******Create WSDL Starts******
[2016-04-05 20:24:18.363] [DEBUG] xmlBuilderHelper - ******Build XML Doc Starts******
[2016-04-05 20:24:29.430] [DEBUG] createController - ******Create WSDL Starts******
[2016-04-05 20:24:29.430] [DEBUG] xmlBuilderHelper - ******Build XML Doc Starts******
[2016-04-05 20:24:58.615] [DEBUG] createController - ******Create WSDL Starts******
[2016-04-05 20:24:58.616] [DEBUG] xmlBuilderHelper - ******Build XML Doc Starts******
[2016-04-05 20:25:04.811] [DEBUG] createController - ******Create WSDL Starts******
[2016-04-05 20:25:04.812] [DEBUG] xmlBuilderHelper - ******Build XML Doc Starts******
[2016-04-05 20:25:05.640] [DEBUG] createController - ******Create WSDL Starts******
[2016-04-05 20:25:05.640] [DEBUG] xmlBuilderHelper - ******Build XML Doc Starts******
[2016-04-05 20:25:06.096] [DEBUG] createController - ******Create WSDL Starts******
[2016-04-05 20:25:06.097] [DEBUG] xmlBuilderHelper - ******Build XML Doc Starts******
[2016-04-05 20:25:06.250] [DEBUG] createController - ******Create WSDL Starts******
[2016-04-05 20:25:06.250] [DEBUG] xmlBuilderHelper - ******Build XML Doc Starts******
[2016-04-05 20:25:06.392] [DEBUG] createController - ******Create WSDL Starts******
[2016-04-05 20:25:06.392] [DEBUG] xmlBuilderHelper - ******Build XML Doc Starts******
[2016-04-05 20:25:06.445] [DEBUG] createController - ******Create WSDL Starts******
[2016-04-05 20:25:06.446] [DEBUG] xmlBuilderHelper - ******Build XML Doc Starts******
[2016-04-05 22:05:55.427] [DEBUG] createController - ******Create WSDL Starts******
[2016-04-05 22:05:55.427] [DEBUG] xmlBuilderHelper - ******Build XML Doc Starts******
[2016-04-05 22:05:56.305] [DEBUG] createController - ******Create WSDL Starts******
[2016-04-05 22:05:56.305] [DEBUG] xmlBuilderHelper - ******Build XML Doc Starts******
[2016-04-05 22:05:56.758] [DEBUG] createController - ******Create WSDL Starts******
[2016-04-05 22:05:56.758] [DEBUG] xmlBuilderHelper - ******Build XML Doc Starts******
[2016-04-05 22:07:07.068] [DEBUG] createController - ******Create WSDL Starts******
[2016-04-05 22:07:07.068] [DEBUG] xmlBuilderHelper - ******Build XML Doc Starts******
[2016-04-05 22:07:14.872] [DEBUG] createController - ******Create WSDL Starts******
[2016-04-05 22:07:14.873] [DEBUG] xmlBuilderHelper - ******Build XML Doc Starts******
[2016-04-05 22:07:16.004] [DEBUG] createController - ******Create WSDL Starts******
[2016-04-05 22:07:16.004] [DEBUG] xmlBuilderHelper - ******Build XML Doc Starts******
[2016-04-05 22:07:16.601] [DEBUG] createController - ******Create WSDL Starts******
[2016-04-05 22:07:16.601] [DEBUG] xmlBuilderHelper - ******Build XML Doc Starts******
[2016-04-05 22:07:37.457] [DEBUG] createController - ******Create WSDL Starts******
[2016-04-05 22:07:37.457] [DEBUG] xmlBuilderHelper - ******Build XML Doc Starts******
[2016-04-05 22:08:11.982] [DEBUG] createController - ******Create WSDL Starts******
[2016-04-05 22:08:11.984] [DEBUG] xmlBuilderHelper - ******Build XML Doc Starts******
[2016-04-05 22:08:12.474] [DEBUG] createController - ******Create WSDL Starts******
[2016-04-05 22:08:12.474] [DEBUG] xmlBuilderHelper - ******Build XML Doc Starts******
[2016-04-05 22:08:12.988] [DEBUG] createController - ******Create WSDL Starts******
[2016-04-05 22:08:12.988] [DEBUG] xmlBuilderHelper - ******Build XML Doc Starts******
[2016-04-05 22:14:50.966] [DEBUG] createController - ******Create WSDL Starts******
[2016-04-05 22:14:50.968] [DEBUG] xmlBuilderHelper - ******Build XML Doc Starts******
[2016-04-05 22:14:51.505] [DEBUG] createController - ******Create WSDL Starts******
[2016-04-05 22:14:51.505] [DEBUG] xmlBuilderHelper - ******Build XML Doc Starts******
[2016-04-05 22:14:51.965] [DEBUG] createController - ******Create WSDL Starts******
[2016-04-05 22:14:51.965] [DEBUG] xmlBuilderHelper - ******Build XML Doc Starts******
[2016-04-05 22:15:54.784] [DEBUG] createController - ******Create WSDL Starts******
[2016-04-05 22:15:54.784] [DEBUG] xmlBuilderHelper - ******Build XML Doc Starts******
[2016-04-05 22:15:55.263] [DEBUG] createController - ******Create WSDL Starts******
[2016-04-05 22:15:55.263] [DEBUG] xmlBuilderHelper - ******Build XML Doc Starts******
[2016-04-05 22:15:55.669] [DEBUG] createController - ******Create WSDL Starts******
[2016-04-05 22:15:55.669] [DEBUG] xmlBuilderHelper - ******Build XML Doc Starts******
[2016-04-05 22:17:49.522] [DEBUG] createController - ******Create WSDL Starts******
[2016-04-05 22:17:49.523] [DEBUG] xmlBuilderHelper - ******Build XML Doc Starts******
[2016-04-05 22:17:57.277] [ERROR] createController - Error occurred while creating wsdl [TypeError: Cannot read property 'indexOf' of undefined]
TypeError: Cannot read property 'indexOf' of undefined
    at XMLElement.module.exports.XMLNode.element (c:\Users\ss812960\Desktop\Nodejs\WSDL-Generator\node_modules\xmlbuilder\lib\XMLNode.js:89:84)
    at XMLElement.module.exports.XMLNode.ele (c:\Users\ss812960\Desktop\Nodejs\WSDL-Generator\node_modules\xmlbuilder\lib\XMLNode.js:355:19)
    at getWsdlTypesEle (c:\Users\ss812960\Desktop\Nodejs\WSDL-Generator\server\helpers\xmlDocHelper.js:41:25)
    at Object.exports.buildXMLDoc (c:\Users\ss812960\Desktop\Nodejs\WSDL-Generator\server\helpers\xmlDocHelper.js:23:21)
    at exports.createWsdl.getWSDLFile (c:\Users\ss812960\Desktop\Nodejs\WSDL-Generator\server\controllers\createController.js:20:50)
    at c:\Users\ss812960\Desktop\Nodejs\WSDL-Generator\server\controllers\createController.js:44:29
    at Object.exports.createWsdl (c:\Users\ss812960\Desktop\Nodejs\WSDL-Generator\server\controllers\createController.js:54:20)
    at c:\Users\ss812960\Desktop\Nodejs\WSDL-Generator\server\config\router.js:11:20
    at Layer.handle [as handle_request] (c:\Users\ss812960\Desktop\Nodejs\WSDL-Generator\node_modules\express\lib\router\layer.js:95:5)
    at next (c:\Users\ss812960\Desktop\Nodejs\WSDL-Generator\node_modules\express\lib\router\route.js:131:13)
    at Route.dispatch (c:\Users\ss812960\Desktop\Nodejs\WSDL-Generator\node_modules\express\lib\router\route.js:112:3)
    at Layer.handle [as handle_request] (c:\Users\ss812960\Desktop\Nodejs\WSDL-Generator\node_modules\express\lib\router\layer.js:95:5)
    at c:\Users\ss812960\Desktop\Nodejs\WSDL-Generator\node_modules\express\lib\router\index.js:277:22
    at Function.process_params (c:\Users\ss812960\Desktop\Nodejs\WSDL-Generator\node_modules\express\lib\router\index.js:330:12)
    at next (c:\Users\ss812960\Desktop\Nodejs\WSDL-Generator\node_modules\express\lib\router\index.js:271:10)
    at Function.handle (c:\Users\ss812960\Desktop\Nodejs\WSDL-Generator\node_modules\express\lib\router\index.js:176:3)
[2016-04-05 22:18:23.128] [DEBUG] createController - ******Create WSDL Starts******
[2016-04-05 22:18:23.129] [DEBUG] xmlBuilderHelper - ******Build XML Doc Starts******
[2016-04-05 22:18:58.787] [ERROR] createController - Error occurred while creating wsdl [TypeError: Cannot read property 'indexOf' of undefined]
TypeError: Cannot read property 'indexOf' of undefined
    at XMLElement.module.exports.XMLNode.element (c:\Users\ss812960\Desktop\Nodejs\WSDL-Generator\node_modules\xmlbuilder\lib\XMLNode.js:89:84)
    at XMLElement.module.exports.XMLNode.ele (c:\Users\ss812960\Desktop\Nodejs\WSDL-Generator\node_modules\xmlbuilder\lib\XMLNode.js:355:19)
    at getWsdlTypesEle (c:\Users\ss812960\Desktop\Nodejs\WSDL-Generator\server\helpers\xmlDocHelper.js:41:25)
    at Object.exports.buildXMLDoc (c:\Users\ss812960\Desktop\Nodejs\WSDL-Generator\server\helpers\xmlDocHelper.js:23:21)
    at exports.createWsdl.getWSDLFile (c:\Users\ss812960\Desktop\Nodejs\WSDL-Generator\server\controllers\createController.js:20:50)
    at c:\Users\ss812960\Desktop\Nodejs\WSDL-Generator\server\controllers\createController.js:44:29
    at Object.exports.createWsdl (c:\Users\ss812960\Desktop\Nodejs\WSDL-Generator\server\controllers\createController.js:54:20)
    at c:\Users\ss812960\Desktop\Nodejs\WSDL-Generator\server\config\router.js:11:20
    at Layer.handle [as handle_request] (c:\Users\ss812960\Desktop\Nodejs\WSDL-Generator\node_modules\express\lib\router\layer.js:95:5)
    at next (c:\Users\ss812960\Desktop\Nodejs\WSDL-Generator\node_modules\express\lib\router\route.js:131:13)
    at Route.dispatch (c:\Users\ss812960\Desktop\Nodejs\WSDL-Generator\node_modules\express\lib\router\route.js:112:3)
    at Layer.handle [as handle_request] (c:\Users\ss812960\Desktop\Nodejs\WSDL-Generator\node_modules\express\lib\router\layer.js:95:5)
    at c:\Users\ss812960\Desktop\Nodejs\WSDL-Generator\node_modules\express\lib\router\index.js:277:22
    at Function.process_params (c:\Users\ss812960\Desktop\Nodejs\WSDL-Generator\node_modules\express\lib\router\index.js:330:12)
    at next (c:\Users\ss812960\Desktop\Nodejs\WSDL-Generator\node_modules\express\lib\router\index.js:271:10)
    at Function.handle (c:\Users\ss812960\Desktop\Nodejs\WSDL-Generator\node_modules\express\lib\router\index.js:176:3)
[2016-04-05 22:19:13.951] [DEBUG] createController - ******Create WSDL Starts******
[2016-04-05 22:19:13.952] [DEBUG] xmlBuilderHelper - ******Build XML Doc Starts******
[2016-04-05 22:19:17.714] [ERROR] createController - Error occurred while creating wsdl [TypeError: Cannot read property 'indexOf' of undefined]
TypeError: Cannot read property 'indexOf' of undefined
    at XMLElement.module.exports.XMLNode.element (c:\Users\ss812960\Desktop\Nodejs\WSDL-Generator\node_modules\xmlbuilder\lib\XMLNode.js:89:84)
    at XMLElement.module.exports.XMLNode.ele (c:\Users\ss812960\Desktop\Nodejs\WSDL-Generator\node_modules\xmlbuilder\lib\XMLNode.js:355:19)
    at getWsdlTypesEle (c:\Users\ss812960\Desktop\Nodejs\WSDL-Generator\server\helpers\xmlDocHelper.js:41:25)
    at Object.exports.buildXMLDoc (c:\Users\ss812960\Desktop\Nodejs\WSDL-Generator\server\helpers\xmlDocHelper.js:23:21)
    at exports.createWsdl.getWSDLFile (c:\Users\ss812960\Desktop\Nodejs\WSDL-Generator\server\controllers\createController.js:20:50)
    at c:\Users\ss812960\Desktop\Nodejs\WSDL-Generator\server\controllers\createController.js:44:29
    at Object.exports.createWsdl (c:\Users\ss812960\Desktop\Nodejs\WSDL-Generator\server\controllers\createController.js:54:20)
    at c:\Users\ss812960\Desktop\Nodejs\WSDL-Generator\server\config\router.js:11:20
    at Layer.handle [as handle_request] (c:\Users\ss812960\Desktop\Nodejs\WSDL-Generator\node_modules\express\lib\router\layer.js:95:5)
    at next (c:\Users\ss812960\Desktop\Nodejs\WSDL-Generator\node_modules\express\lib\router\route.js:131:13)
    at Route.dispatch (c:\Users\ss812960\Desktop\Nodejs\WSDL-Generator\node_modules\express\lib\router\route.js:112:3)
    at Layer.handle [as handle_request] (c:\Users\ss812960\Desktop\Nodejs\WSDL-Generator\node_modules\express\lib\router\layer.js:95:5)
    at c:\Users\ss812960\Desktop\Nodejs\WSDL-Generator\node_modules\express\lib\router\index.js:277:22
    at Function.process_params (c:\Users\ss812960\Desktop\Nodejs\WSDL-Generator\node_modules\express\lib\router\index.js:330:12)
    at next (c:\Users\ss812960\Desktop\Nodejs\WSDL-Generator\node_modules\express\lib\router\index.js:271:10)
    at Function.handle (c:\Users\ss812960\Desktop\Nodejs\WSDL-Generator\node_modules\express\lib\router\index.js:176:3)
[2016-04-05 22:20:38.322] [DEBUG] createController - ******Create WSDL Starts******
[2016-04-05 22:20:38.323] [DEBUG] xmlBuilderHelper - ******Build XML Doc Starts******
[2016-04-05 22:20:46.298] [ERROR] createController - Error occurred while creating wsdl [TypeError: Cannot read property 'indexOf' of undefined]
TypeError: Cannot read property 'indexOf' of undefined
    at XMLElement.module.exports.XMLNode.element (c:\Users\ss812960\Desktop\Nodejs\WSDL-Generator\node_modules\xmlbuilder\lib\XMLNode.js:89:84)
    at XMLElement.module.exports.XMLNode.ele (c:\Users\ss812960\Desktop\Nodejs\WSDL-Generator\node_modules\xmlbuilder\lib\XMLNode.js:355:19)
    at getWsdlTypesEle (c:\Users\ss812960\Desktop\Nodejs\WSDL-Generator\server\helpers\xmlDocHelper.js:41:25)
    at Object.exports.buildXMLDoc (c:\Users\ss812960\Desktop\Nodejs\WSDL-Generator\server\helpers\xmlDocHelper.js:23:21)
    at exports.createWsdl.getWSDLFile (c:\Users\ss812960\Desktop\Nodejs\WSDL-Generator\server\controllers\createController.js:20:50)
    at c:\Users\ss812960\Desktop\Nodejs\WSDL-Generator\server\controllers\createController.js:44:29
    at Object.exports.createWsdl (c:\Users\ss812960\Desktop\Nodejs\WSDL-Generator\server\controllers\createController.js:54:20)
    at c:\Users\ss812960\Desktop\Nodejs\WSDL-Generator\server\config\router.js:11:20
    at Layer.handle [as handle_request] (c:\Users\ss812960\Desktop\Nodejs\WSDL-Generator\node_modules\express\lib\router\layer.js:95:5)
    at next (c:\Users\ss812960\Desktop\Nodejs\WSDL-Generator\node_modules\express\lib\router\route.js:131:13)
    at Route.dispatch (c:\Users\ss812960\Desktop\Nodejs\WSDL-Generator\node_modules\express\lib\router\route.js:112:3)
    at Layer.handle [as handle_request] (c:\Users\ss812960\Desktop\Nodejs\WSDL-Generator\node_modules\express\lib\router\layer.js:95:5)
    at c:\Users\ss812960\Desktop\Nodejs\WSDL-Generator\node_modules\express\lib\router\index.js:277:22
    at Function.process_params (c:\Users\ss812960\Desktop\Nodejs\WSDL-Generator\node_modules\express\lib\router\index.js:330:12)
    at next (c:\Users\ss812960\Desktop\Nodejs\WSDL-Generator\node_modules\express\lib\router\index.js:271:10)
    at Function.handle (c:\Users\ss812960\Desktop\Nodejs\WSDL-Generator\node_modules\express\lib\router\index.js:176:3)
[2016-04-05 22:22:35.116] [DEBUG] createController - ******Create WSDL Starts******
[2016-04-05 22:22:35.117] [DEBUG] xmlBuilderHelper - ******Build XML Doc Starts******
[2016-04-05 22:22:41.836] [ERROR] createController - Error occurred while creating wsdl [RangeError: Maximum call stack size exceeded]
RangeError: Maximum call stack size exceeded
    at String.match (native)
    at XMLStringifier.module.exports.XMLStringifier.assertLegalChar (c:\Users\ss812960\Desktop\Nodejs\WSDL-Generator\node_modules\xmlbuilder\lib\XMLStringifier.js:151:17)
    at XMLStringifier.bind [as assertLegalChar] (c:\Users\ss812960\Desktop\Nodejs\WSDL-Generator\node_modules\xmlbuilder\lib\XMLStringifier.js:4:59)
    at XMLStringifier.module.exports.XMLStringifier.eleName (c:\Users\ss812960\Desktop\Nodejs\WSDL-Generator\node_modules\xmlbuilder\lib\XMLStringifier.js:28:19)
    at new XMLElement (c:\Users\ss812960\Desktop\Nodejs\WSDL-Generator\node_modules\xmlbuilder\lib\XMLElement.js:21:34)
    at XMLElement.module.exports.XMLNode.node (c:\Users\ss812960\Desktop\Nodejs\WSDL-Generator\node_modules\xmlbuilder\lib\XMLNode.js:153:15)
    at XMLElement.module.exports.XMLNode.element (c:\Users\ss812960\Desktop\Nodejs\WSDL-Generator\node_modules\xmlbuilder\lib\XMLNode.js:100:28)
    at XMLElement.module.exports.XMLNode.element (c:\Users\ss812960\Desktop\Nodejs\WSDL-Generator\node_modules\xmlbuilder\lib\XMLNode.js:82:30)
    at XMLElement.module.exports.XMLNode.element (c:\Users\ss812960\Desktop\Nodejs\WSDL-Generator\node_modules\xmlbuilder\lib\XMLNode.js:83:23)
    at XMLElement.module.exports.XMLNode.element (c:\Users\ss812960\Desktop\Nodejs\WSDL-Generator\node_modules\xmlbuilder\lib\XMLNode.js:79:32)
    at XMLElement.module.exports.XMLNode.element (c:\Users\ss812960\Desktop\Nodejs\WSDL-Generator\node_modules\xmlbuilder\lib\XMLNode.js:83:23)
    at XMLElement.module.exports.XMLNode.element (c:\Users\ss812960\Desktop\Nodejs\WSDL-Generator\node_modules\xmlbuilder\lib\XMLNode.js:83:23)
    at XMLElement.module.exports.XMLNode.element (c:\Users\ss812960\Desktop\Nodejs\WSDL-Generator\node_modules\xmlbuilder\lib\XMLNode.js:79:32)
    at XMLElement.module.exports.XMLNode.element (c:\Users\ss812960\Desktop\Nodejs\WSDL-Generator\node_modules\xmlbuilder\lib\XMLNode.js:83:23)
    at XMLElement.module.exports.XMLNode.element (c:\Users\ss812960\Desktop\Nodejs\WSDL-Generator\node_modules\xmlbuilder\lib\XMLNode.js:83:23)
    at XMLElement.module.exports.XMLNode.element (c:\Users\ss812960\Desktop\Nodejs\WSDL-Generator\node_modules\xmlbuilder\lib\XMLNode.js:79:32)
[2016-04-05 22:23:38.941] [DEBUG] createController - ******Create WSDL Starts******
[2016-04-05 22:23:38.942] [DEBUG] xmlBuilderHelper - ******Build XML Doc Starts******
[2016-04-05 22:23:45.491] [ERROR] createController - Error occurred while creating wsdl [RangeError: Maximum call stack size exceeded]
RangeError: Maximum call stack size exceeded
    at String.match (native)
    at XMLStringifier.module.exports.XMLStringifier.assertLegalChar (c:\Users\ss812960\Desktop\Nodejs\WSDL-Generator\node_modules\xmlbuilder\lib\XMLStringifier.js:151:17)
    at XMLStringifier.bind [as assertLegalChar] (c:\Users\ss812960\Desktop\Nodejs\WSDL-Generator\node_modules\xmlbuilder\lib\XMLStringifier.js:4:59)
    at XMLStringifier.module.exports.XMLStringifier.eleName (c:\Users\ss812960\Desktop\Nodejs\WSDL-Generator\node_modules\xmlbuilder\lib\XMLStringifier.js:28:19)
    at new XMLElement (c:\Users\ss812960\Desktop\Nodejs\WSDL-Generator\node_modules\xmlbuilder\lib\XMLElement.js:21:34)
    at XMLElement.module.exports.XMLNode.node (c:\Users\ss812960\Desktop\Nodejs\WSDL-Generator\node_modules\xmlbuilder\lib\XMLNode.js:153:15)
    at XMLElement.module.exports.XMLNode.element (c:\Users\ss812960\Desktop\Nodejs\WSDL-Generator\node_modules\xmlbuilder\lib\XMLNode.js:100:28)
    at XMLElement.module.exports.XMLNode.element (c:\Users\ss812960\Desktop\Nodejs\WSDL-Generator\node_modules\xmlbuilder\lib\XMLNode.js:82:30)
    at XMLElement.module.exports.XMLNode.element (c:\Users\ss812960\Desktop\Nodejs\WSDL-Generator\node_modules\xmlbuilder\lib\XMLNode.js:83:23)
    at XMLElement.module.exports.XMLNode.element (c:\Users\ss812960\Desktop\Nodejs\WSDL-Generator\node_modules\xmlbuilder\lib\XMLNode.js:79:32)
    at XMLElement.module.exports.XMLNode.element (c:\Users\ss812960\Desktop\Nodejs\WSDL-Generator\node_modules\xmlbuilder\lib\XMLNode.js:83:23)
    at XMLElement.module.exports.XMLNode.element (c:\Users\ss812960\Desktop\Nodejs\WSDL-Generator\node_modules\xmlbuilder\lib\XMLNode.js:83:23)
    at XMLElement.module.exports.XMLNode.element (c:\Users\ss812960\Desktop\Nodejs\WSDL-Generator\node_modules\xmlbuilder\lib\XMLNode.js:79:32)
    at XMLElement.module.exports.XMLNode.element (c:\Users\ss812960\Desktop\Nodejs\WSDL-Generator\node_modules\xmlbuilder\lib\XMLNode.js:83:23)
    at XMLElement.module.exports.XMLNode.element (c:\Users\ss812960\Desktop\Nodejs\WSDL-Generator\node_modules\xmlbuilder\lib\XMLNode.js:83:23)
    at XMLElement.module.exports.XMLNode.element (c:\Users\ss812960\Desktop\Nodejs\WSDL-Generator\node_modules\xmlbuilder\lib\XMLNode.js:79:32)
[2016-04-05 22:25:04.181] [DEBUG] createController - ******Create WSDL Starts******
[2016-04-05 22:25:04.182] [DEBUG] xmlBuilderHelper - ******Build XML Doc Starts******
[2016-04-05 22:36:47.807] [DEBUG] createController - ******Create WSDL Starts******
[2016-04-05 22:36:47.808] [DEBUG] xmlBuilderHelper - ******Build XML Doc Starts******
[2016-04-05 22:36:53.708] [ERROR] createController - Error occurred while creating wsdl [Error: Already at the last node]
Error: Already at the last node
    at XMLElement.module.exports.XMLNode.next (c:\Users\ss812960\Desktop\Nodejs\WSDL-Generator\node_modules\xmlbuilder\lib\XMLNode.js:340:15)
    at getWsdlTypesEle (c:\Users\ss812960\Desktop\Nodejs\WSDL-Generator\server\helpers\xmlDocHelper.js:45:18)
    at Object.exports.buildXMLDoc (c:\Users\ss812960\Desktop\Nodejs\WSDL-Generator\server\helpers\xmlDocHelper.js:23:21)
    at exports.createWsdl.getWSDLFile (c:\Users\ss812960\Desktop\Nodejs\WSDL-Generator\server\controllers\createController.js:20:50)
    at c:\Users\ss812960\Desktop\Nodejs\WSDL-Generator\server\controllers\createController.js:44:29
    at Object.exports.createWsdl (c:\Users\ss812960\Desktop\Nodejs\WSDL-Generator\server\controllers\createController.js:54:20)
    at c:\Users\ss812960\Desktop\Nodejs\WSDL-Generator\server\config\router.js:11:20
    at Layer.handle [as handle_request] (c:\Users\ss812960\Desktop\Nodejs\WSDL-Generator\node_modules\express\lib\router\layer.js:95:5)
    at next (c:\Users\ss812960\Desktop\Nodejs\WSDL-Generator\node_modules\express\lib\router\route.js:131:13)
    at Route.dispatch (c:\Users\ss812960\Desktop\Nodejs\WSDL-Generator\node_modules\express\lib\router\route.js:112:3)
    at Layer.handle [as handle_request] (c:\Users\ss812960\Desktop\Nodejs\WSDL-Generator\node_modules\express\lib\router\layer.js:95:5)
    at c:\Users\ss812960\Desktop\Nodejs\WSDL-Generator\node_modules\express\lib\router\index.js:277:22
    at Function.process_params (c:\Users\ss812960\Desktop\Nodejs\WSDL-Generator\node_modules\express\lib\router\index.js:330:12)
    at next (c:\Users\ss812960\Desktop\Nodejs\WSDL-Generator\node_modules\express\lib\router\index.js:271:10)
    at Function.handle (c:\Users\ss812960\Desktop\Nodejs\WSDL-Generator\node_modules\express\lib\router\index.js:176:3)
    at router (c:\Users\ss812960\Desktop\Nodejs\WSDL-Generator\node_modules\express\lib\router\index.js:46:12)
[2016-04-05 22:37:12.654] [DEBUG] createController - ******Create WSDL Starts******
[2016-04-05 22:37:12.655] [DEBUG] xmlBuilderHelper - ******Build XML Doc Starts******
[2016-04-05 22:37:16.356] [ERROR] createController - Error occurred while creating wsdl [Error: Already at the last node]
Error: Already at the last node
    at XMLElement.module.exports.XMLNode.next (c:\Users\ss812960\Desktop\Nodejs\WSDL-Generator\node_modules\xmlbuilder\lib\XMLNode.js:340:15)
    at getWsdlTypesEle (c:\Users\ss812960\Desktop\Nodejs\WSDL-Generator\server\helpers\xmlDocHelper.js:44:16)
    at Object.exports.buildXMLDoc (c:\Users\ss812960\Desktop\Nodejs\WSDL-Generator\server\helpers\xmlDocHelper.js:23:21)
    at exports.createWsdl.getWSDLFile (c:\Users\ss812960\Desktop\Nodejs\WSDL-Generator\server\controllers\createController.js:20:50)
    at c:\Users\ss812960\Desktop\Nodejs\WSDL-Generator\server\controllers\createController.js:44:29
    at Object.exports.createWsdl (c:\Users\ss812960\Desktop\Nodejs\WSDL-Generator\server\controllers\createController.js:54:20)
    at c:\Users\ss812960\Desktop\Nodejs\WSDL-Generator\server\config\router.js:11:20
    at Layer.handle [as handle_request] (c:\Users\ss812960\Desktop\Nodejs\WSDL-Generator\node_modules\express\lib\router\layer.js:95:5)
    at next (c:\Users\ss812960\Desktop\Nodejs\WSDL-Generator\node_modules\express\lib\router\route.js:131:13)
    at Route.dispatch (c:\Users\ss812960\Desktop\Nodejs\WSDL-Generator\node_modules\express\lib\router\route.js:112:3)
    at Layer.handle [as handle_request] (c:\Users\ss812960\Desktop\Nodejs\WSDL-Generator\node_modules\express\lib\router\layer.js:95:5)
    at c:\Users\ss812960\Desktop\Nodejs\WSDL-Generator\node_modules\express\lib\router\index.js:277:22
    at Function.process_params (c:\Users\ss812960\Desktop\Nodejs\WSDL-Generator\node_modules\express\lib\router\index.js:330:12)
    at next (c:\Users\ss812960\Desktop\Nodejs\WSDL-Generator\node_modules\express\lib\router\index.js:271:10)
    at Function.handle (c:\Users\ss812960\Desktop\Nodejs\WSDL-Generator\node_modules\express\lib\router\index.js:176:3)
    at router (c:\Users\ss812960\Desktop\Nodejs\WSDL-Generator\node_modules\express\lib\router\index.js:46:12)
[2016-04-05 22:37:58.057] [DEBUG] createController - ******Create WSDL Starts******
[2016-04-05 22:37:58.058] [DEBUG] xmlBuilderHelper - ******Build XML Doc Starts******
[2016-04-05 22:38:01.397] [ERROR] createController - Error occurred while creating wsdl [Error: Already at the last node]
Error: Already at the last node
    at XMLElement.module.exports.XMLNode.next (c:\Users\ss812960\Desktop\Nodejs\WSDL-Generator\node_modules\xmlbuilder\lib\XMLNode.js:340:15)
    at getWsdlTypesEle (c:\Users\ss812960\Desktop\Nodejs\WSDL-Generator\server\helpers\xmlDocHelper.js:44:48)
    at Object.exports.buildXMLDoc (c:\Users\ss812960\Desktop\Nodejs\WSDL-Generator\server\helpers\xmlDocHelper.js:23:21)
    at exports.createWsdl.getWSDLFile (c:\Users\ss812960\Desktop\Nodejs\WSDL-Generator\server\controllers\createController.js:20:50)
    at c:\Users\ss812960\Desktop\Nodejs\WSDL-Generator\server\controllers\createController.js:44:29
    at Object.exports.createWsdl (c:\Users\ss812960\Desktop\Nodejs\WSDL-Generator\server\controllers\createController.js:54:20)
    at c:\Users\ss812960\Desktop\Nodejs\WSDL-Generator\server\config\router.js:11:20
    at Layer.handle [as handle_request] (c:\Users\ss812960\Desktop\Nodejs\WSDL-Generator\node_modules\express\lib\router\layer.js:95:5)
    at next (c:\Users\ss812960\Desktop\Nodejs\WSDL-Generator\node_modules\express\lib\router\route.js:131:13)
    at Route.dispatch (c:\Users\ss812960\Desktop\Nodejs\WSDL-Generator\node_modules\express\lib\router\route.js:112:3)
    at Layer.handle [as handle_request] (c:\Users\ss812960\Desktop\Nodejs\WSDL-Generator\node_modules\express\lib\router\layer.js:95:5)
    at c:\Users\ss812960\Desktop\Nodejs\WSDL-Generator\node_modules\express\lib\router\index.js:277:22
    at Function.process_params (c:\Users\ss812960\Desktop\Nodejs\WSDL-Generator\node_modules\express\lib\router\index.js:330:12)
    at next (c:\Users\ss812960\Desktop\Nodejs\WSDL-Generator\node_modules\express\lib\router\index.js:271:10)
    at Function.handle (c:\Users\ss812960\Desktop\Nodejs\WSDL-Generator\node_modules\express\lib\router\index.js:176:3)
    at router (c:\Users\ss812960\Desktop\Nodejs\WSDL-Generator\node_modules\express\lib\router\index.js:46:12)
[2016-04-05 22:40:54.841] [DEBUG] createController - ******Create WSDL Starts******
[2016-04-05 22:40:54.843] [DEBUG] xmlBuilderHelper - ******Build XML Doc Starts******
[2016-04-05 22:41:02.068] [DEBUG] createController - ******Create WSDL Starts******
[2016-04-05 22:41:02.068] [DEBUG] xmlBuilderHelper - ******Build XML Doc Starts******
[2016-04-05 22:41:04.751] [DEBUG] createController - ******Create WSDL Starts******
[2016-04-05 22:41:04.751] [DEBUG] xmlBuilderHelper - ******Build XML Doc Starts******
[2016-04-05 22:41:07.743] [DEBUG] createController - ******Create WSDL Starts******
[2016-04-05 22:41:07.743] [DEBUG] xmlBuilderHelper - ******Build XML Doc Starts******
[2016-04-05 22:41:15.392] [DEBUG] createController - ******Create WSDL Starts******
[2016-04-05 22:41:15.392] [DEBUG] xmlBuilderHelper - ******Build XML Doc Starts******
[2016-04-05 22:41:15.896] [DEBUG] createController - ******Create WSDL Starts******
[2016-04-05 22:41:15.896] [DEBUG] xmlBuilderHelper - ******Build XML Doc Starts******
[2016-04-05 22:44:53.302] [DEBUG] createController - ******Create WSDL Starts******
[2016-04-05 22:44:53.303] [DEBUG] xmlBuilderHelper - ******Build XML Doc Starts******
[2016-04-05 22:44:54.033] [DEBUG] createController - ******Create WSDL Starts******
[2016-04-05 22:44:54.033] [DEBUG] xmlBuilderHelper - ******Build XML Doc Starts******
[2016-04-05 22:44:54.505] [DEBUG] createController - ******Create WSDL Starts******
[2016-04-05 22:44:54.506] [DEBUG] xmlBuilderHelper - ******Build XML Doc Starts******
[2016-04-05 22:46:18.287] [DEBUG] createController - ******Create WSDL Starts******
[2016-04-05 22:46:18.289] [DEBUG] xmlBuilderHelper - ******Build XML Doc Starts******
[2016-04-05 22:46:18.801] [DEBUG] createController - ******Create WSDL Starts******
[2016-04-05 22:46:18.801] [DEBUG] xmlBuilderHelper - ******Build XML Doc Starts******
[2016-04-05 22:46:19.178] [DEBUG] createController - ******Create WSDL Starts******
[2016-04-05 22:46:19.178] [DEBUG] xmlBuilderHelper - ******Build XML Doc Starts******
[2016-04-05 22:46:46.829] [DEBUG] createController - ******Create WSDL Starts******
[2016-04-05 22:46:46.830] [DEBUG] xmlBuilderHelper - ******Build XML Doc Starts******
[2016-04-05 22:46:47.261] [DEBUG] createController - ******Create WSDL Starts******
[2016-04-05 22:46:47.261] [DEBUG] xmlBuilderHelper - ******Build XML Doc Starts******
[2016-04-05 22:46:48.391] [DEBUG] createController - ******Create WSDL Starts******
[2016-04-05 22:46:48.391] [DEBUG] xmlBuilderHelper - ******Build XML Doc Starts******
[2016-04-05 22:46:49.019] [DEBUG] createController - ******Create WSDL Starts******
[2016-04-05 22:46:49.020] [DEBUG] xmlBuilderHelper - ******Build XML Doc Starts******
[2016-04-05 22:47:03.965] [DEBUG] createController - ******Create WSDL Starts******
[2016-04-05 22:47:03.966] [DEBUG] xmlBuilderHelper - ******Build XML Doc Starts******
[2016-04-05 22:47:04.617] [DEBUG] createController - ******Create WSDL Starts******
[2016-04-05 22:47:04.617] [DEBUG] xmlBuilderHelper - ******Build XML Doc Starts******
[2016-04-05 22:47:05.043] [DEBUG] createController - ******Create WSDL Starts******
[2016-04-05 22:47:05.043] [DEBUG] xmlBuilderHelper - ******Build XML Doc Starts******
[2016-04-05 22:48:10.045] [DEBUG] createController - ******Create WSDL Starts******
[2016-04-05 22:48:10.046] [DEBUG] xmlBuilderHelper - ******Build XML Doc Starts******
[2016-04-05 22:48:10.496] [DEBUG] createController - ******Create WSDL Starts******
[2016-04-05 22:48:10.496] [DEBUG] xmlBuilderHelper - ******Build XML Doc Starts******
[2016-04-05 22:48:10.917] [DEBUG] createController - ******Create WSDL Starts******
[2016-04-05 22:48:10.918] [DEBUG] xmlBuilderHelper - ******Build XML Doc Starts******
[2016-04-05 22:49:37.999] [DEBUG] createController - ******Create WSDL Starts******
[2016-04-05 22:49:37.999] [DEBUG] xmlBuilderHelper - ******Build XML Doc Starts******
[2016-04-05 22:49:38.568] [DEBUG] createController - ******Create WSDL Starts******
[2016-04-05 22:49:38.568] [DEBUG] xmlBuilderHelper - ******Build XML Doc Starts******
[2016-04-05 22:49:39.018] [DEBUG] createController - ******Create WSDL Starts******
[2016-04-05 22:49:39.018] [DEBUG] xmlBuilderHelper - ******Build XML Doc Starts******
[2016-04-05 22:50:53.665] [DEBUG] createController - ******Create WSDL Starts******
[2016-04-05 22:50:53.666] [DEBUG] xmlBuilderHelper - ******Build XML Doc Starts******
[2016-04-05 22:50:54.034] [DEBUG] createController - ******Create WSDL Starts******
[2016-04-05 22:50:54.034] [DEBUG] xmlBuilderHelper - ******Build XML Doc Starts******
[2016-04-05 22:50:54.445] [DEBUG] createController - ******Create WSDL Starts******
[2016-04-05 22:50:54.445] [DEBUG] xmlBuilderHelper - ******Build XML Doc Starts******
[2016-04-05 22:52:29.308] [DEBUG] createController - ******Create WSDL Starts******
[2016-04-05 22:52:29.309] [DEBUG] xmlBuilderHelper - ******Build XML Doc Starts******
[2016-04-05 22:52:30.197] [DEBUG] createController - ******Create WSDL Starts******
[2016-04-05 22:52:30.198] [DEBUG] xmlBuilderHelper - ******Build XML Doc Starts******
[2016-04-05 22:52:30.579] [DEBUG] createController - ******Create WSDL Starts******
[2016-04-05 22:52:30.579] [DEBUG] xmlBuilderHelper - ******Build XML Doc Starts******
[2016-04-05 22:56:55.301] [DEBUG] createController - ******Create WSDL Starts******
[2016-04-05 22:56:55.301] [DEBUG] xmlBuilderHelper - ******Build XML Doc Starts******
[2016-04-05 22:56:55.668] [DEBUG] createController - ******Create WSDL Starts******
[2016-04-05 22:56:55.668] [DEBUG] xmlBuilderHelper - ******Build XML Doc Starts******
[2016-04-05 22:56:56.042] [DEBUG] createController - ******Create WSDL Starts******
[2016-04-05 22:56:56.042] [DEBUG] xmlBuilderHelper - ******Build XML Doc Starts******
[2016-04-06 16:37:55.253] [DEBUG] createController - ******Create WSDL Starts******
[2016-04-06 16:37:55.253] [DEBUG] xmlBuilderHelper - ******Build XML Doc Starts******
[2016-04-06 16:37:55.789] [DEBUG] createController - ******Create WSDL Starts******
[2016-04-06 16:37:55.789] [DEBUG] xmlBuilderHelper - ******Build XML Doc Starts******
[2016-04-06 16:37:56.308] [DEBUG] createController - ******Create WSDL Starts******
[2016-04-06 16:37:56.308] [DEBUG] xmlBuilderHelper - ******Build XML Doc Starts******
[2016-04-06 16:43:03.070] [DEBUG] createController - ******Create WSDL Starts******
[2016-04-06 16:43:03.072] [DEBUG] xmlBuilderHelper - ******Build XML Doc Starts******
[2016-04-06 16:43:03.588] [DEBUG] createController - ******Create WSDL Starts******
[2016-04-06 16:43:03.588] [DEBUG] xmlBuilderHelper - ******Build XML Doc Starts******
[2016-04-06 16:43:04.287] [DEBUG] createController - ******Create WSDL Starts******
[2016-04-06 16:43:04.287] [DEBUG] xmlBuilderHelper - ******Build XML Doc Starts******
[2016-04-06 16:43:28.197] [DEBUG] createController - ******Create WSDL Starts******
[2016-04-06 16:43:28.197] [DEBUG] xmlBuilderHelper - ******Build XML Doc Starts******
[2016-04-06 16:46:08.547] [DEBUG] createController - ******Create WSDL Starts******
[2016-04-06 16:46:08.548] [DEBUG] xmlBuilderHelper - ******Build XML Doc Starts******
[2016-04-06 16:46:09.040] [DEBUG] createController - ******Create WSDL Starts******
[2016-04-06 16:46:09.040] [DEBUG] xmlBuilderHelper - ******Build XML Doc Starts******
[2016-04-06 16:46:43.394] [DEBUG] createController - ******Create WSDL Starts******
[2016-04-06 16:46:43.395] [DEBUG] xmlBuilderHelper - ******Build XML Doc Starts******
[2016-04-06 16:46:43.896] [DEBUG] createController - ******Create WSDL Starts******
[2016-04-06 16:46:43.896] [DEBUG] xmlBuilderHelper - ******Build XML Doc Starts******
[2016-04-06 16:47:08.801] [DEBUG] createController - ******Create WSDL Starts******
[2016-04-06 16:47:08.801] [DEBUG] xmlBuilderHelper - ******Build XML Doc Starts******
[2016-04-06 16:47:09.600] [DEBUG] createController - ******Create WSDL Starts******
[2016-04-06 16:47:09.600] [DEBUG] xmlBuilderHelper - ******Build XML Doc Starts******
[2016-04-06 16:47:10.203] [DEBUG] createController - ******Create WSDL Starts******
[2016-04-06 16:47:10.203] [DEBUG] xmlBuilderHelper - ******Build XML Doc Starts******
[2016-04-06 16:47:48.862] [DEBUG] createController - ******Create WSDL Starts******
[2016-04-06 16:47:48.863] [DEBUG] xmlBuilderHelper - ******Build XML Doc Starts******
[2016-04-06 16:47:49.351] [DEBUG] createController - ******Create WSDL Starts******
[2016-04-06 16:47:49.352] [DEBUG] xmlBuilderHelper - ******Build XML Doc Starts******
[2016-04-06 16:47:49.781] [DEBUG] createController - ******Create WSDL Starts******
[2016-04-06 16:47:49.781] [DEBUG] xmlBuilderHelper - ******Build XML Doc Starts******
[2016-04-06 16:51:27.623] [DEBUG] createController - ******Create WSDL Starts******
[2016-04-06 16:51:27.625] [DEBUG] xmlBuilderHelper - ******Build XML Doc Starts******
[2016-04-06 16:51:28.046] [DEBUG] createController - ******Create WSDL Starts******
[2016-04-06 16:51:28.046] [DEBUG] xmlBuilderHelper - ******Build XML Doc Starts******
[2016-04-06 16:51:28.397] [DEBUG] createController - ******Create WSDL Starts******
[2016-04-06 16:51:28.397] [DEBUG] xmlBuilderHelper - ******Build XML Doc Starts******
[2016-04-06 18:39:34.186] [DEBUG] createController - ******Create WSDL Starts******
[2016-04-06 18:39:34.187] [DEBUG] xmlBuilderHelper - ******Build XML Doc Starts******
[2016-04-06 18:39:35.330] [DEBUG] createController - ******Create WSDL Starts******
[2016-04-06 18:39:35.330] [DEBUG] xmlBuilderHelper - ******Build XML Doc Starts******
[2016-04-06 18:39:36.314] [DEBUG] createController - ******Create WSDL Starts******
[2016-04-06 18:39:36.314] [DEBUG] xmlBuilderHelper - ******Build XML Doc Starts******
[2016-04-06 18:45:05.417] [DEBUG] createController - ******Create WSDL Starts******
[2016-04-06 18:45:05.418] [DEBUG] xmlBuilderHelper - ******Build XML Doc Starts******
[2016-04-06 18:45:05.765] [DEBUG] createController - ******Create WSDL Starts******
[2016-04-06 18:45:05.765] [DEBUG] xmlBuilderHelper - ******Build XML Doc Starts******
[2016-04-06 18:45:06.146] [DEBUG] createController - ******Create WSDL Starts******
[2016-04-06 18:45:06.146] [DEBUG] xmlBuilderHelper - ******Build XML Doc Starts******
[2016-04-06 18:45:32.076] [DEBUG] createController - ******Create WSDL Starts******
[2016-04-06 18:45:32.077] [DEBUG] xmlBuilderHelper - ******Build XML Doc Starts******
[2016-04-06 18:45:35.249] [DEBUG] createController - ******Create WSDL Starts******
[2016-04-06 18:45:35.249] [DEBUG] xmlBuilderHelper - ******Build XML Doc Starts******
[2016-04-06 18:45:35.775] [DEBUG] createController - ******Create WSDL Starts******
[2016-04-06 18:45:35.776] [DEBUG] xmlBuilderHelper - ******Build XML Doc Starts******
[2016-04-06 19:51:09.222] [DEBUG] createController - ******Create WSDL Starts******
[2016-04-06 19:51:09.224] [DEBUG] xmlBuilderHelper - ******Build XML Doc Starts******
[2016-04-06 19:51:11.418] [DEBUG] createController - ******Create WSDL Starts******
[2016-04-06 19:51:11.418] [DEBUG] xmlBuilderHelper - ******Build XML Doc Starts******
[2016-04-06 19:52:19.777] [DEBUG] createController - ******Create WSDL Starts******
[2016-04-06 19:52:19.778] [DEBUG] xmlBuilderHelper - ******Build XML Doc Starts******
[2016-04-06 19:52:19.868] [DEBUG] createController - ******Create WSDL Starts******
[2016-04-06 19:52:19.868] [DEBUG] xmlBuilderHelper - ******Build XML Doc Starts******
[2016-04-06 19:52:20.057] [DEBUG] createController - ******Create WSDL Starts******
[2016-04-06 19:52:20.057] [DEBUG] xmlBuilderHelper - ******Build XML Doc Starts******
[2016-04-06 19:52:20.163] [DEBUG] createController - ******Create WSDL Starts******
[2016-04-06 19:52:20.163] [DEBUG] xmlBuilderHelper - ******Build XML Doc Starts******
[2016-04-06 19:52:20.341] [DEBUG] createController - ******Create WSDL Starts******
[2016-04-06 19:52:20.341] [DEBUG] xmlBuilderHelper - ******Build XML Doc Starts******
[2016-04-06 19:52:20.581] [DEBUG] createController - ******Create WSDL Starts******
[2016-04-06 19:52:20.582] [DEBUG] xmlBuilderHelper - ******Build XML Doc Starts******
[2016-04-06 19:58:36.255] [DEBUG] createController - ******Create WSDL Starts******
[2016-04-06 19:58:39.112] [DEBUG] xmlBuilderHelper - ******Build XML Doc Starts******
[2016-04-06 19:59:49.277] [DEBUG] createController - ******Create WSDL Starts******
[2016-04-06 19:59:52.019] [DEBUG] xmlBuilderHelper - ******Build XML Doc Starts******
[2016-04-06 20:01:00.551] [DEBUG] createController - ******Create WSDL Starts******
[2016-04-06 20:01:02.350] [DEBUG] xmlBuilderHelper - ******Build XML Doc Starts******
[2016-04-06 20:01:45.063] [DEBUG] createController - ******Create WSDL Starts******
[2016-04-06 20:01:45.065] [DEBUG] xmlBuilderHelper - ******Build XML Doc Starts******
[2016-04-06 20:01:55.009] [DEBUG] createController - ******Create WSDL Starts******
[2016-04-06 20:01:55.009] [DEBUG] xmlBuilderHelper - ******Build XML Doc Starts******
[2016-04-06 20:01:58.910] [DEBUG] createController - ******Create WSDL Starts******
[2016-04-06 20:01:58.910] [DEBUG] xmlBuilderHelper - ******Build XML Doc Starts******
[2016-04-06 20:02:06.219] [DEBUG] createController - ******Create WSDL Starts******
[2016-04-06 20:02:06.219] [DEBUG] xmlBuilderHelper - ******Build XML Doc Starts******
[2016-04-06 20:02:11.032] [DEBUG] createController - ******Create WSDL Starts******
[2016-04-06 20:02:11.032] [DEBUG] xmlBuilderHelper - ******Build XML Doc Starts******
[2016-04-06 20:03:34.727] [DEBUG] createController - ******Create WSDL Starts******
[2016-04-06 20:03:34.728] [DEBUG] xmlBuilderHelper - ******Build XML Doc Starts******
[2016-04-06 20:09:55.415] [DEBUG] createController - ******Create WSDL Starts******
[2016-04-06 20:09:55.415] [DEBUG] xmlBuilderHelper - ******Build XML Doc Starts******
[2016-04-06 20:10:14.187] [DEBUG] createController - ******Create WSDL Starts******
[2016-04-06 20:10:14.188] [DEBUG] xmlBuilderHelper - ******Build XML Doc Starts******
[2016-04-06 20:10:15.361] [DEBUG] createController - ******Create WSDL Starts******
[2016-04-06 20:10:15.361] [DEBUG] xmlBuilderHelper - ******Build XML Doc Starts******
[2016-04-06 20:10:16.017] [DEBUG] createController - ******Create WSDL Starts******
[2016-04-06 20:10:16.018] [DEBUG] xmlBuilderHelper - ******Build XML Doc Starts******
[2016-04-06 20:10:33.416] [DEBUG] createController - ******Create WSDL Starts******
[2016-04-06 20:10:33.417] [DEBUG] xmlBuilderHelper - ******Build XML Doc Starts******
[2016-04-06 20:10:33.433] [ERROR] createController - Error while sending filestream  [TypeError: Cannot read property 'pipe' of undefined]
TypeError: Cannot read property 'pipe' of undefined
    at c:\Users\ss812960\Desktop\Nodejs\WSDL-Generator\server\controllers\createController.js:48:47
    at processImmediate [as _immediateCallback] (timers.js:371:17)
From previous event:
    at c:\Users\ss812960\Desktop\Nodejs\WSDL-Generator\server\controllers\createController.js:45:34
    at Object.exports.createWsdl (c:\Users\ss812960\Desktop\Nodejs\WSDL-Generator\server\controllers\createController.js:54:20)
    at c:\Users\ss812960\Desktop\Nodejs\WSDL-Generator\server\config\router.js:11:20
    at Layer.handle [as handle_request] (c:\Users\ss812960\Desktop\Nodejs\WSDL-Generator\node_modules\express\lib\router\layer.js:95:5)
    at next (c:\Users\ss812960\Desktop\Nodejs\WSDL-Generator\node_modules\express\lib\router\route.js:131:13)
    at Route.dispatch (c:\Users\ss812960\Desktop\Nodejs\WSDL-Generator\node_modules\express\lib\router\route.js:112:3)
    at Layer.handle [as handle_request] (c:\Users\ss812960\Desktop\Nodejs\WSDL-Generator\node_modules\express\lib\router\layer.js:95:5)
    at c:\Users\ss812960\Desktop\Nodejs\WSDL-Generator\node_modules\express\lib\router\index.js:277:22
    at Function.process_params (c:\Users\ss812960\Desktop\Nodejs\WSDL-Generator\node_modules\express\lib\router\index.js:330:12)
    at next (c:\Users\ss812960\Desktop\Nodejs\WSDL-Generator\node_modules\express\lib\router\index.js:271:10)
    at Function.handle (c:\Users\ss812960\Desktop\Nodejs\WSDL-Generator\node_modules\express\lib\router\index.js:176:3)
    at router (c:\Users\ss812960\Desktop\Nodejs\WSDL-Generator\node_modules\express\lib\router\index.js:46:12)
    at Layer.handle [as handle_request] (c:\Users\ss812960\Desktop\Nodejs\WSDL-Generator\node_modules\express\lib\router\layer.js:95:5)
    at trim_prefix (c:\Users\ss812960\Desktop\Nodejs\WSDL-Generator\node_modules\express\lib\router\index.js:312:13)
    at c:\Users\ss812960\Desktop\Nodejs\WSDL-Generator\node_modules\express\lib\router\index.js:280:7
    at Function.process_params (c:\Users\ss812960\Desktop\Nodejs\WSDL-Generator\node_modules\express\lib\router\index.js:330:12)
    at next (c:\Users\ss812960\Desktop\Nodejs\WSDL-Generator\node_modules\express\lib\router\index.js:271:10)
    at c:\Users\ss812960\Desktop\Nodejs\WSDL-Generator\app.js:28:5
    at Layer.handle [as handle_request] (c:\Users\ss812960\Desktop\Nodejs\WSDL-Generator\node_modules\express\lib\router\layer.js:95:5)
[2016-04-06 20:10:43.885] [DEBUG] createController - ******Create WSDL Starts******
[2016-04-06 20:11:29.480] [DEBUG] createController - ******Create WSDL Starts******
[2016-04-06 20:11:29.481] [DEBUG] xmlBuilderHelper - ******Build XML Doc Starts******
[2016-04-06 20:11:34.780] [DEBUG] createController - ******Create WSDL Starts******
[2016-04-06 20:11:34.780] [DEBUG] xmlBuilderHelper - ******Build XML Doc Starts******
[2016-04-06 20:14:25.740] [DEBUG] createController - ******Create WSDL Starts******
[2016-04-06 20:14:25.741] [DEBUG] xmlBuilderHelper - ******Build XML Doc Starts******
[2016-04-06 20:14:26.832] [DEBUG] createController - ******Create WSDL Starts******
[2016-04-06 20:14:26.832] [DEBUG] xmlBuilderHelper - ******Build XML Doc Starts******
[2016-04-06 20:14:27.377] [DEBUG] createController - ******Create WSDL Starts******
[2016-04-06 20:14:27.377] [DEBUG] xmlBuilderHelper - ******Build XML Doc Starts******
[2016-04-06 20:14:27.834] [DEBUG] createController - ******Create WSDL Starts******
[2016-04-06 20:14:27.834] [DEBUG] xmlBuilderHelper - ******Build XML Doc Starts******
[2016-04-06 20:14:36.730] [DEBUG] createController - ******Create WSDL Starts******
[2016-04-06 20:14:36.731] [DEBUG] xmlBuilderHelper - ******Build XML Doc Starts******
[2016-04-06 20:14:52.801] [DEBUG] createController - ******Create WSDL Starts******
[2016-04-06 20:14:52.802] [DEBUG] xmlBuilderHelper - ******Build XML Doc Starts******
[2016-04-06 20:14:53.498] [DEBUG] createController - ******Create WSDL Starts******
[2016-04-06 20:14:53.498] [DEBUG] xmlBuilderHelper - ******Build XML Doc Starts******
[2016-04-06 20:14:53.950] [DEBUG] createController - ******Create WSDL Starts******
[2016-04-06 20:14:53.950] [DEBUG] xmlBuilderHelper - ******Build XML Doc Starts******
[2016-04-06 20:14:54.480] [DEBUG] createController - ******Create WSDL Starts******
[2016-04-06 20:14:54.480] [DEBUG] xmlBuilderHelper - ******Build XML Doc Starts******
[2016-04-06 20:14:54.949] [DEBUG] createController - ******Create WSDL Starts******
[2016-04-06 20:14:54.949] [DEBUG] xmlBuilderHelper - ******Build XML Doc Starts******
[2016-04-06 20:14:55.078] [DEBUG] createController - ******Create WSDL Starts******
[2016-04-06 20:14:55.094] [DEBUG] xmlBuilderHelper - ******Build XML Doc Starts******
[2016-04-06 20:14:55.160] [DEBUG] createController - ******Create WSDL Starts******
[2016-04-06 20:14:55.160] [DEBUG] xmlBuilderHelper - ******Build XML Doc Starts******
[2016-04-06 20:14:55.291] [DEBUG] createController - ******Create WSDL Starts******
[2016-04-06 20:14:55.291] [DEBUG] xmlBuilderHelper - ******Build XML Doc Starts******
[2016-04-06 20:14:55.421] [DEBUG] createController - ******Create WSDL Starts******
[2016-04-06 20:14:55.421] [DEBUG] xmlBuilderHelper - ******Build XML Doc Starts******
[2016-04-06 20:14:55.474] [DEBUG] createController - ******Create WSDL Starts******
[2016-04-06 20:14:55.474] [DEBUG] xmlBuilderHelper - ******Build XML Doc Starts******
[2016-04-06 20:14:55.610] [DEBUG] createController - ******Create WSDL Starts******
[2016-04-06 20:14:55.610] [DEBUG] xmlBuilderHelper - ******Build XML Doc Starts******
[2016-04-06 20:14:58.246] [DEBUG] createController - ******Create WSDL Starts******
[2016-04-06 20:14:58.246] [DEBUG] xmlBuilderHelper - ******Build XML Doc Starts******
[2016-04-06 20:15:04.041] [DEBUG] createController - ******Create WSDL Starts******
[2016-04-06 20:15:04.041] [DEBUG] xmlBuilderHelper - ******Build XML Doc Starts******
[2016-04-06 20:18:49.377] [DEBUG] createController - ******Create WSDL Starts******
[2016-04-06 20:18:49.377] [DEBUG] xmlBuilderHelper - ******Build XML Doc Starts******
[2016-04-06 20:18:49.967] [DEBUG] createController - ******Create WSDL Starts******
[2016-04-06 20:18:49.967] [DEBUG] xmlBuilderHelper - ******Build XML Doc Starts******
[2016-04-06 20:19:04.890] [DEBUG] createController - ******Create WSDL Starts******
[2016-04-06 20:19:04.891] [DEBUG] xmlBuilderHelper - ******Build XML Doc Starts******
[2016-04-06 20:19:23.144] [DEBUG] createController - ******Create WSDL Starts******
[2016-04-06 20:19:23.144] [DEBUG] xmlBuilderHelper - ******Build XML Doc Starts******
[2016-04-06 20:20:44.885] [DEBUG] createController - ******Create WSDL Starts******
[2016-04-06 20:20:44.885] [DEBUG] xmlBuilderHelper - ******Build XML Doc Starts******
[2016-04-06 20:20:45.574] [DEBUG] createController - ******Create WSDL Starts******
[2016-04-06 20:20:45.574] [DEBUG] xmlBuilderHelper - ******Build XML Doc Starts******
[2016-04-06 20:20:46.005] [DEBUG] createController - ******Create WSDL Starts******
[2016-04-06 20:20:46.005] [DEBUG] xmlBuilderHelper - ******Build XML Doc Starts******
[2016-04-06 21:39:13.839] [DEBUG] createController - ******Create WSDL Starts******
[2016-04-06 21:39:13.839] [DEBUG] xmlBuilderHelper - ******Build XML Doc Starts******
[2016-04-06 21:39:37.124] [DEBUG] createController - ******Create WSDL Starts******
[2016-04-06 21:39:37.125] [DEBUG] xmlBuilderHelper - ******Build XML Doc Starts******
[2016-04-06 21:39:57.100] [DEBUG] createController - ******Create WSDL Starts******
[2016-04-06 21:39:57.101] [DEBUG] xmlBuilderHelper - ******Build XML Doc Starts******
[2016-04-06 21:41:04.928] [DEBUG] createController - ******Create WSDL Starts******
[2016-04-06 21:41:04.929] [DEBUG] xmlBuilderHelper - ******Build XML Doc Starts******
[2016-04-06 21:48:07.155] [DEBUG] createController - ******Create WSDL Starts******
[2016-04-06 21:48:07.156] [DEBUG] xmlBuilderHelper - ******Build XML Doc Starts******
[2016-04-06 21:48:16.851] [DEBUG] createController - ******Create WSDL Starts******
[2016-04-06 21:48:16.851] [DEBUG] xmlBuilderHelper - ******Build XML Doc Starts******
[2016-04-07 14:22:53.398] [DEBUG] createController - ******Create WSDL Starts******
[2016-04-07 14:22:53.398] [DEBUG] xmlBuilderHelper - ******Build XML Doc Starts******
[2016-04-07 18:22:29.017] [DEBUG] createController - ******Create WSDL Starts******
[2016-04-07 18:22:29.017] [DEBUG] xmlBuilderHelper - ******Build XML Doc Starts******
[2016-04-07 18:22:29.667] [DEBUG] createController - ******Create WSDL Starts******
[2016-04-07 18:22:29.667] [DEBUG] xmlBuilderHelper - ******Build XML Doc Starts******
[2016-04-07 21:58:58.876] [DEBUG] createController - ******Create WSDL Starts******
[2016-04-07 21:58:58.877] [DEBUG] xmlBuilderHelper - ******Build XML Doc Starts******
[2016-04-07 21:59:03.480] [DEBUG] createController - ******Create WSDL Starts******
[2016-04-07 21:59:03.480] [DEBUG] xmlBuilderHelper - ******Build XML Doc Starts******
[2016-04-07 21:59:04.210] [DEBUG] createController - ******Create WSDL Starts******
[2016-04-07 21:59:04.210] [DEBUG] xmlBuilderHelper - ******Build XML Doc Starts******
[2016-04-11 21:44:59.055] [DEBUG] createController - ******Create WSDL Starts******
[2016-04-11 21:45:03.441] [DEBUG] xmlBuilderHelper - ******Build XML Doc Starts******
[2016-04-11 22:02:49.397] [DEBUG] createController - ******Create WSDL Starts******
[2016-04-11 22:02:53.429] [DEBUG] xmlBuilderHelper - ******Build XML Doc Starts******
[2016-04-11 22:03:15.660] [DEBUG] createController - ******Create WSDL Starts******
[2016-04-11 22:03:15.660] [DEBUG] xmlBuilderHelper - ******Build XML Doc Starts******
[2016-04-11 22:04:08.752] [DEBUG] createController - ******Create WSDL Starts******
[2016-04-11 22:04:08.752] [DEBUG] xmlBuilderHelper - ******Build XML Doc Starts******
