[2016-04-05 19:44:05.380] [ERROR] createController - Error occurred while creating wsdl [TypeError: xmlDocHelper.getWSDLTypesEle is not a function]
TypeError: xmlDocHelper.getWSDLTypesEle is not a function
    at exports.createWsdl.getWSDLFile (c:\Users\ss812960\Desktop\Nodejs\WSDL-Generator\server\controllers\createController.js:20:34)
    at c:\Users\ss812960\Desktop\Nodejs\WSDL-Generator\server\controllers\createController.js:45:29
    at Object.exports.createWsdl (c:\Users\ss812960\Desktop\Nodejs\WSDL-Generator\server\controllers\createController.js:55:20)
    at c:\Users\ss812960\Desktop\Nodejs\WSDL-Generator\server\config\router.js:11:20
    at Layer.handle [as handle_request] (c:\Users\ss812960\Desktop\Nodejs\WSDL-Generator\node_modules\express\lib\router\layer.js:95:5)
    at next (c:\Users\ss812960\Desktop\Nodejs\WSDL-Generator\node_modules\express\lib\router\route.js:131:13)
    at Route.dispatch (c:\Users\ss812960\Desktop\Nodejs\WSDL-Generator\node_modules\express\lib\router\route.js:112:3)
    at Layer.handle [as handle_request] (c:\Users\ss812960\Desktop\Nodejs\WSDL-Generator\node_modules\express\lib\router\layer.js:95:5)
    at c:\Users\ss812960\Desktop\Nodejs\WSDL-Generator\node_modules\express\lib\router\index.js:277:22
    at Function.process_params (c:\Users\ss812960\Desktop\Nodejs\WSDL-Generator\node_modules\express\lib\router\index.js:330:12)
    at next (c:\Users\ss812960\Desktop\Nodejs\WSDL-Generator\node_modules\express\lib\router\index.js:271:10)
    at Function.handle (c:\Users\ss812960\Desktop\Nodejs\WSDL-Generator\node_modules\express\lib\router\index.js:176:3)
    at router (c:\Users\ss812960\Desktop\Nodejs\WSDL-Generator\node_modules\express\lib\router\index.js:46:12)
    at Layer.handle [as handle_request] (c:\Users\ss812960\Desktop\Nodejs\WSDL-Generator\node_modules\express\lib\router\layer.js:95:5)
    at trim_prefix (c:\Users\ss812960\Desktop\Nodejs\WSDL-Generator\node_modules\express\lib\router\index.js:312:13)
    at c:\Users\ss812960\Desktop\Nodejs\WSDL-Generator\node_modules\express\lib\router\index.js:280:7
[2016-04-05 20:17:50.472] [ERROR] createController - Error occurred while creating wsdl [Error: The root node has no parent. Use doc() if you need to get the document object.]
Error: The root node has no parent. Use doc() if you need to get the document object.
    at XMLElement.module.exports.XMLNode.up (c:\Users\ss812960\Desktop\Nodejs\WSDL-Generator\node_modules\xmlbuilder\lib\XMLNode.js:292:15)
    at Object.exports.buildXMLDoc (c:\Users\ss812960\Desktop\Nodejs\WSDL-Generator\server\helpers\xmlDocHelper.js:21:60)
    at exports.createWsdl.getWSDLFile (c:\Users\ss812960\Desktop\Nodejs\WSDL-Generator\server\controllers\createController.js:20:50)
    at c:\Users\ss812960\Desktop\Nodejs\WSDL-Generator\server\controllers\createController.js:44:29
    at Object.exports.createWsdl (c:\Users\ss812960\Desktop\Nodejs\WSDL-Generator\server\controllers\createController.js:54:20)
    at c:\Users\ss812960\Desktop\Nodejs\WSDL-Generator\server\config\router.js:11:20
    at Layer.handle [as handle_request] (c:\Users\ss812960\Desktop\Nodejs\WSDL-Generator\node_modules\express\lib\router\layer.js:95:5)
    at next (c:\Users\ss812960\Desktop\Nodejs\WSDL-Generator\node_modules\express\lib\router\route.js:131:13)
    at Route.dispatch (c:\Users\ss812960\Desktop\Nodejs\WSDL-Generator\node_modules\express\lib\router\route.js:112:3)
    at Layer.handle [as handle_request] (c:\Users\ss812960\Desktop\Nodejs\WSDL-Generator\node_modules\express\lib\router\layer.js:95:5)
    at c:\Users\ss812960\Desktop\Nodejs\WSDL-Generator\node_modules\express\lib\router\index.js:277:22
    at Function.process_params (c:\Users\ss812960\Desktop\Nodejs\WSDL-Generator\node_modules\express\lib\router\index.js:330:12)
    at next (c:\Users\ss812960\Desktop\Nodejs\WSDL-Generator\node_modules\express\lib\router\index.js:271:10)
    at Function.handle (c:\Users\ss812960\Desktop\Nodejs\WSDL-Generator\node_modules\express\lib\router\index.js:176:3)
    at router (c:\Users\ss812960\Desktop\Nodejs\WSDL-Generator\node_modules\express\lib\router\index.js:46:12)
    at Layer.handle [as handle_request] (c:\Users\ss812960\Desktop\Nodejs\WSDL-Generator\node_modules\express\lib\router\layer.js:95:5)
[2016-04-05 22:17:57.277] [ERROR] createController - Error occurred while creating wsdl [TypeError: Cannot read property 'indexOf' of undefined]
TypeError: Cannot read property 'indexOf' of undefined
    at XMLElement.module.exports.XMLNode.element (c:\Users\ss812960\Desktop\Nodejs\WSDL-Generator\node_modules\xmlbuilder\lib\XMLNode.js:89:84)
    at XMLElement.module.exports.XMLNode.ele (c:\Users\ss812960\Desktop\Nodejs\WSDL-Generator\node_modules\xmlbuilder\lib\XMLNode.js:355:19)
    at getWsdlTypesEle (c:\Users\ss812960\Desktop\Nodejs\WSDL-Generator\server\helpers\xmlDocHelper.js:41:25)
    at Object.exports.buildXMLDoc (c:\Users\ss812960\Desktop\Nodejs\WSDL-Generator\server\helpers\xmlDocHelper.js:23:21)
    at exports.createWsdl.getWSDLFile (c:\Users\ss812960\Desktop\Nodejs\WSDL-Generator\server\controllers\createController.js:20:50)
    at c:\Users\ss812960\Desktop\Nodejs\WSDL-Generator\server\controllers\createController.js:44:29
    at Object.exports.createWsdl (c:\Users\ss812960\Desktop\Nodejs\WSDL-Generator\server\controllers\createController.js:54:20)
    at c:\Users\ss812960\Desktop\Nodejs\WSDL-Generator\server\config\router.js:11:20
    at Layer.handle [as handle_request] (c:\Users\ss812960\Desktop\Nodejs\WSDL-Generator\node_modules\express\lib\router\layer.js:95:5)
    at next (c:\Users\ss812960\Desktop\Nodejs\WSDL-Generator\node_modules\express\lib\router\route.js:131:13)
    at Route.dispatch (c:\Users\ss812960\Desktop\Nodejs\WSDL-Generator\node_modules\express\lib\router\route.js:112:3)
    at Layer.handle [as handle_request] (c:\Users\ss812960\Desktop\Nodejs\WSDL-Generator\node_modules\express\lib\router\layer.js:95:5)
    at c:\Users\ss812960\Desktop\Nodejs\WSDL-Generator\node_modules\express\lib\router\index.js:277:22
    at Function.process_params (c:\Users\ss812960\Desktop\Nodejs\WSDL-Generator\node_modules\express\lib\router\index.js:330:12)
    at next (c:\Users\ss812960\Desktop\Nodejs\WSDL-Generator\node_modules\express\lib\router\index.js:271:10)
    at Function.handle (c:\Users\ss812960\Desktop\Nodejs\WSDL-Generator\node_modules\express\lib\router\index.js:176:3)
[2016-04-05 22:18:58.787] [ERROR] createController - Error occurred while creating wsdl [TypeError: Cannot read property 'indexOf' of undefined]
TypeError: Cannot read property 'indexOf' of undefined
    at XMLElement.module.exports.XMLNode.element (c:\Users\ss812960\Desktop\Nodejs\WSDL-Generator\node_modules\xmlbuilder\lib\XMLNode.js:89:84)
    at XMLElement.module.exports.XMLNode.ele (c:\Users\ss812960\Desktop\Nodejs\WSDL-Generator\node_modules\xmlbuilder\lib\XMLNode.js:355:19)
    at getWsdlTypesEle (c:\Users\ss812960\Desktop\Nodejs\WSDL-Generator\server\helpers\xmlDocHelper.js:41:25)
    at Object.exports.buildXMLDoc (c:\Users\ss812960\Desktop\Nodejs\WSDL-Generator\server\helpers\xmlDocHelper.js:23:21)
    at exports.createWsdl.getWSDLFile (c:\Users\ss812960\Desktop\Nodejs\WSDL-Generator\server\controllers\createController.js:20:50)
    at c:\Users\ss812960\Desktop\Nodejs\WSDL-Generator\server\controllers\createController.js:44:29
    at Object.exports.createWsdl (c:\Users\ss812960\Desktop\Nodejs\WSDL-Generator\server\controllers\createController.js:54:20)
    at c:\Users\ss812960\Desktop\Nodejs\WSDL-Generator\server\config\router.js:11:20
    at Layer.handle [as handle_request] (c:\Users\ss812960\Desktop\Nodejs\WSDL-Generator\node_modules\express\lib\router\layer.js:95:5)
    at next (c:\Users\ss812960\Desktop\Nodejs\WSDL-Generator\node_modules\express\lib\router\route.js:131:13)
    at Route.dispatch (c:\Users\ss812960\Desktop\Nodejs\WSDL-Generator\node_modules\express\lib\router\route.js:112:3)
    at Layer.handle [as handle_request] (c:\Users\ss812960\Desktop\Nodejs\WSDL-Generator\node_modules\express\lib\router\layer.js:95:5)
    at c:\Users\ss812960\Desktop\Nodejs\WSDL-Generator\node_modules\express\lib\router\index.js:277:22
    at Function.process_params (c:\Users\ss812960\Desktop\Nodejs\WSDL-Generator\node_modules\express\lib\router\index.js:330:12)
    at next (c:\Users\ss812960\Desktop\Nodejs\WSDL-Generator\node_modules\express\lib\router\index.js:271:10)
    at Function.handle (c:\Users\ss812960\Desktop\Nodejs\WSDL-Generator\node_modules\express\lib\router\index.js:176:3)
[2016-04-05 22:19:17.714] [ERROR] createController - Error occurred while creating wsdl [TypeError: Cannot read property 'indexOf' of undefined]
TypeError: Cannot read property 'indexOf' of undefined
    at XMLElement.module.exports.XMLNode.element (c:\Users\ss812960\Desktop\Nodejs\WSDL-Generator\node_modules\xmlbuilder\lib\XMLNode.js:89:84)
    at XMLElement.module.exports.XMLNode.ele (c:\Users\ss812960\Desktop\Nodejs\WSDL-Generator\node_modules\xmlbuilder\lib\XMLNode.js:355:19)
    at getWsdlTypesEle (c:\Users\ss812960\Desktop\Nodejs\WSDL-Generator\server\helpers\xmlDocHelper.js:41:25)
    at Object.exports.buildXMLDoc (c:\Users\ss812960\Desktop\Nodejs\WSDL-Generator\server\helpers\xmlDocHelper.js:23:21)
    at exports.createWsdl.getWSDLFile (c:\Users\ss812960\Desktop\Nodejs\WSDL-Generator\server\controllers\createController.js:20:50)
    at c:\Users\ss812960\Desktop\Nodejs\WSDL-Generator\server\controllers\createController.js:44:29
    at Object.exports.createWsdl (c:\Users\ss812960\Desktop\Nodejs\WSDL-Generator\server\controllers\createController.js:54:20)
    at c:\Users\ss812960\Desktop\Nodejs\WSDL-Generator\server\config\router.js:11:20
    at Layer.handle [as handle_request] (c:\Users\ss812960\Desktop\Nodejs\WSDL-Generator\node_modules\express\lib\router\layer.js:95:5)
    at next (c:\Users\ss812960\Desktop\Nodejs\WSDL-Generator\node_modules\express\lib\router\route.js:131:13)
    at Route.dispatch (c:\Users\ss812960\Desktop\Nodejs\WSDL-Generator\node_modules\express\lib\router\route.js:112:3)
    at Layer.handle [as handle_request] (c:\Users\ss812960\Desktop\Nodejs\WSDL-Generator\node_modules\express\lib\router\layer.js:95:5)
    at c:\Users\ss812960\Desktop\Nodejs\WSDL-Generator\node_modules\express\lib\router\index.js:277:22
    at Function.process_params (c:\Users\ss812960\Desktop\Nodejs\WSDL-Generator\node_modules\express\lib\router\index.js:330:12)
    at next (c:\Users\ss812960\Desktop\Nodejs\WSDL-Generator\node_modules\express\lib\router\index.js:271:10)
    at Function.handle (c:\Users\ss812960\Desktop\Nodejs\WSDL-Generator\node_modules\express\lib\router\index.js:176:3)
[2016-04-05 22:20:46.298] [ERROR] createController - Error occurred while creating wsdl [TypeError: Cannot read property 'indexOf' of undefined]
TypeError: Cannot read property 'indexOf' of undefined
    at XMLElement.module.exports.XMLNode.element (c:\Users\ss812960\Desktop\Nodejs\WSDL-Generator\node_modules\xmlbuilder\lib\XMLNode.js:89:84)
    at XMLElement.module.exports.XMLNode.ele (c:\Users\ss812960\Desktop\Nodejs\WSDL-Generator\node_modules\xmlbuilder\lib\XMLNode.js:355:19)
    at getWsdlTypesEle (c:\Users\ss812960\Desktop\Nodejs\WSDL-Generator\server\helpers\xmlDocHelper.js:41:25)
    at Object.exports.buildXMLDoc (c:\Users\ss812960\Desktop\Nodejs\WSDL-Generator\server\helpers\xmlDocHelper.js:23:21)
    at exports.createWsdl.getWSDLFile (c:\Users\ss812960\Desktop\Nodejs\WSDL-Generator\server\controllers\createController.js:20:50)
    at c:\Users\ss812960\Desktop\Nodejs\WSDL-Generator\server\controllers\createController.js:44:29
    at Object.exports.createWsdl (c:\Users\ss812960\Desktop\Nodejs\WSDL-Generator\server\controllers\createController.js:54:20)
    at c:\Users\ss812960\Desktop\Nodejs\WSDL-Generator\server\config\router.js:11:20
    at Layer.handle [as handle_request] (c:\Users\ss812960\Desktop\Nodejs\WSDL-Generator\node_modules\express\lib\router\layer.js:95:5)
    at next (c:\Users\ss812960\Desktop\Nodejs\WSDL-Generator\node_modules\express\lib\router\route.js:131:13)
    at Route.dispatch (c:\Users\ss812960\Desktop\Nodejs\WSDL-Generator\node_modules\express\lib\router\route.js:112:3)
    at Layer.handle [as handle_request] (c:\Users\ss812960\Desktop\Nodejs\WSDL-Generator\node_modules\express\lib\router\layer.js:95:5)
    at c:\Users\ss812960\Desktop\Nodejs\WSDL-Generator\node_modules\express\lib\router\index.js:277:22
    at Function.process_params (c:\Users\ss812960\Desktop\Nodejs\WSDL-Generator\node_modules\express\lib\router\index.js:330:12)
    at next (c:\Users\ss812960\Desktop\Nodejs\WSDL-Generator\node_modules\express\lib\router\index.js:271:10)
    at Function.handle (c:\Users\ss812960\Desktop\Nodejs\WSDL-Generator\node_modules\express\lib\router\index.js:176:3)
[2016-04-05 22:22:41.836] [ERROR] createController - Error occurred while creating wsdl [RangeError: Maximum call stack size exceeded]
RangeError: Maximum call stack size exceeded
    at String.match (native)
    at XMLStringifier.module.exports.XMLStringifier.assertLegalChar (c:\Users\ss812960\Desktop\Nodejs\WSDL-Generator\node_modules\xmlbuilder\lib\XMLStringifier.js:151:17)
    at XMLStringifier.bind [as assertLegalChar] (c:\Users\ss812960\Desktop\Nodejs\WSDL-Generator\node_modules\xmlbuilder\lib\XMLStringifier.js:4:59)
    at XMLStringifier.module.exports.XMLStringifier.eleName (c:\Users\ss812960\Desktop\Nodejs\WSDL-Generator\node_modules\xmlbuilder\lib\XMLStringifier.js:28:19)
    at new XMLElement (c:\Users\ss812960\Desktop\Nodejs\WSDL-Generator\node_modules\xmlbuilder\lib\XMLElement.js:21:34)
    at XMLElement.module.exports.XMLNode.node (c:\Users\ss812960\Desktop\Nodejs\WSDL-Generator\node_modules\xmlbuilder\lib\XMLNode.js:153:15)
    at XMLElement.module.exports.XMLNode.element (c:\Users\ss812960\Desktop\Nodejs\WSDL-Generator\node_modules\xmlbuilder\lib\XMLNode.js:100:28)
    at XMLElement.module.exports.XMLNode.element (c:\Users\ss812960\Desktop\Nodejs\WSDL-Generator\node_modules\xmlbuilder\lib\XMLNode.js:82:30)
    at XMLElement.module.exports.XMLNode.element (c:\Users\ss812960\Desktop\Nodejs\WSDL-Generator\node_modules\xmlbuilder\lib\XMLNode.js:83:23)
    at XMLElement.module.exports.XMLNode.element (c:\Users\ss812960\Desktop\Nodejs\WSDL-Generator\node_modules\xmlbuilder\lib\XMLNode.js:79:32)
    at XMLElement.module.exports.XMLNode.element (c:\Users\ss812960\Desktop\Nodejs\WSDL-Generator\node_modules\xmlbuilder\lib\XMLNode.js:83:23)
    at XMLElement.module.exports.XMLNode.element (c:\Users\ss812960\Desktop\Nodejs\WSDL-Generator\node_modules\xmlbuilder\lib\XMLNode.js:83:23)
    at XMLElement.module.exports.XMLNode.element (c:\Users\ss812960\Desktop\Nodejs\WSDL-Generator\node_modules\xmlbuilder\lib\XMLNode.js:79:32)
    at XMLElement.module.exports.XMLNode.element (c:\Users\ss812960\Desktop\Nodejs\WSDL-Generator\node_modules\xmlbuilder\lib\XMLNode.js:83:23)
    at XMLElement.module.exports.XMLNode.element (c:\Users\ss812960\Desktop\Nodejs\WSDL-Generator\node_modules\xmlbuilder\lib\XMLNode.js:83:23)
    at XMLElement.module.exports.XMLNode.element (c:\Users\ss812960\Desktop\Nodejs\WSDL-Generator\node_modules\xmlbuilder\lib\XMLNode.js:79:32)
[2016-04-05 22:23:45.491] [ERROR] createController - Error occurred while creating wsdl [RangeError: Maximum call stack size exceeded]
RangeError: Maximum call stack size exceeded
    at String.match (native)
    at XMLStringifier.module.exports.XMLStringifier.assertLegalChar (c:\Users\ss812960\Desktop\Nodejs\WSDL-Generator\node_modules\xmlbuilder\lib\XMLStringifier.js:151:17)
    at XMLStringifier.bind [as assertLegalChar] (c:\Users\ss812960\Desktop\Nodejs\WSDL-Generator\node_modules\xmlbuilder\lib\XMLStringifier.js:4:59)
    at XMLStringifier.module.exports.XMLStringifier.eleName (c:\Users\ss812960\Desktop\Nodejs\WSDL-Generator\node_modules\xmlbuilder\lib\XMLStringifier.js:28:19)
    at new XMLElement (c:\Users\ss812960\Desktop\Nodejs\WSDL-Generator\node_modules\xmlbuilder\lib\XMLElement.js:21:34)
    at XMLElement.module.exports.XMLNode.node (c:\Users\ss812960\Desktop\Nodejs\WSDL-Generator\node_modules\xmlbuilder\lib\XMLNode.js:153:15)
    at XMLElement.module.exports.XMLNode.element (c:\Users\ss812960\Desktop\Nodejs\WSDL-Generator\node_modules\xmlbuilder\lib\XMLNode.js:100:28)
    at XMLElement.module.exports.XMLNode.element (c:\Users\ss812960\Desktop\Nodejs\WSDL-Generator\node_modules\xmlbuilder\lib\XMLNode.js:82:30)
    at XMLElement.module.exports.XMLNode.element (c:\Users\ss812960\Desktop\Nodejs\WSDL-Generator\node_modules\xmlbuilder\lib\XMLNode.js:83:23)
    at XMLElement.module.exports.XMLNode.element (c:\Users\ss812960\Desktop\Nodejs\WSDL-Generator\node_modules\xmlbuilder\lib\XMLNode.js:79:32)
    at XMLElement.module.exports.XMLNode.element (c:\Users\ss812960\Desktop\Nodejs\WSDL-Generator\node_modules\xmlbuilder\lib\XMLNode.js:83:23)
    at XMLElement.module.exports.XMLNode.element (c:\Users\ss812960\Desktop\Nodejs\WSDL-Generator\node_modules\xmlbuilder\lib\XMLNode.js:83:23)
    at XMLElement.module.exports.XMLNode.element (c:\Users\ss812960\Desktop\Nodejs\WSDL-Generator\node_modules\xmlbuilder\lib\XMLNode.js:79:32)
    at XMLElement.module.exports.XMLNode.element (c:\Users\ss812960\Desktop\Nodejs\WSDL-Generator\node_modules\xmlbuilder\lib\XMLNode.js:83:23)
    at XMLElement.module.exports.XMLNode.element (c:\Users\ss812960\Desktop\Nodejs\WSDL-Generator\node_modules\xmlbuilder\lib\XMLNode.js:83:23)
    at XMLElement.module.exports.XMLNode.element (c:\Users\ss812960\Desktop\Nodejs\WSDL-Generator\node_modules\xmlbuilder\lib\XMLNode.js:79:32)
[2016-04-05 22:36:53.708] [ERROR] createController - Error occurred while creating wsdl [Error: Already at the last node]
Error: Already at the last node
    at XMLElement.module.exports.XMLNode.next (c:\Users\ss812960\Desktop\Nodejs\WSDL-Generator\node_modules\xmlbuilder\lib\XMLNode.js:340:15)
    at getWsdlTypesEle (c:\Users\ss812960\Desktop\Nodejs\WSDL-Generator\server\helpers\xmlDocHelper.js:45:18)
    at Object.exports.buildXMLDoc (c:\Users\ss812960\Desktop\Nodejs\WSDL-Generator\server\helpers\xmlDocHelper.js:23:21)
    at exports.createWsdl.getWSDLFile (c:\Users\ss812960\Desktop\Nodejs\WSDL-Generator\server\controllers\createController.js:20:50)
    at c:\Users\ss812960\Desktop\Nodejs\WSDL-Generator\server\controllers\createController.js:44:29
    at Object.exports.createWsdl (c:\Users\ss812960\Desktop\Nodejs\WSDL-Generator\server\controllers\createController.js:54:20)
    at c:\Users\ss812960\Desktop\Nodejs\WSDL-Generator\server\config\router.js:11:20
    at Layer.handle [as handle_request] (c:\Users\ss812960\Desktop\Nodejs\WSDL-Generator\node_modules\express\lib\router\layer.js:95:5)
    at next (c:\Users\ss812960\Desktop\Nodejs\WSDL-Generator\node_modules\express\lib\router\route.js:131:13)
    at Route.dispatch (c:\Users\ss812960\Desktop\Nodejs\WSDL-Generator\node_modules\express\lib\router\route.js:112:3)
    at Layer.handle [as handle_request] (c:\Users\ss812960\Desktop\Nodejs\WSDL-Generator\node_modules\express\lib\router\layer.js:95:5)
    at c:\Users\ss812960\Desktop\Nodejs\WSDL-Generator\node_modules\express\lib\router\index.js:277:22
    at Function.process_params (c:\Users\ss812960\Desktop\Nodejs\WSDL-Generator\node_modules\express\lib\router\index.js:330:12)
    at next (c:\Users\ss812960\Desktop\Nodejs\WSDL-Generator\node_modules\express\lib\router\index.js:271:10)
    at Function.handle (c:\Users\ss812960\Desktop\Nodejs\WSDL-Generator\node_modules\express\lib\router\index.js:176:3)
    at router (c:\Users\ss812960\Desktop\Nodejs\WSDL-Generator\node_modules\express\lib\router\index.js:46:12)
[2016-04-05 22:37:16.356] [ERROR] createController - Error occurred while creating wsdl [Error: Already at the last node]
Error: Already at the last node
    at XMLElement.module.exports.XMLNode.next (c:\Users\ss812960\Desktop\Nodejs\WSDL-Generator\node_modules\xmlbuilder\lib\XMLNode.js:340:15)
    at getWsdlTypesEle (c:\Users\ss812960\Desktop\Nodejs\WSDL-Generator\server\helpers\xmlDocHelper.js:44:16)
    at Object.exports.buildXMLDoc (c:\Users\ss812960\Desktop\Nodejs\WSDL-Generator\server\helpers\xmlDocHelper.js:23:21)
    at exports.createWsdl.getWSDLFile (c:\Users\ss812960\Desktop\Nodejs\WSDL-Generator\server\controllers\createController.js:20:50)
    at c:\Users\ss812960\Desktop\Nodejs\WSDL-Generator\server\controllers\createController.js:44:29
    at Object.exports.createWsdl (c:\Users\ss812960\Desktop\Nodejs\WSDL-Generator\server\controllers\createController.js:54:20)
    at c:\Users\ss812960\Desktop\Nodejs\WSDL-Generator\server\config\router.js:11:20
    at Layer.handle [as handle_request] (c:\Users\ss812960\Desktop\Nodejs\WSDL-Generator\node_modules\express\lib\router\layer.js:95:5)
    at next (c:\Users\ss812960\Desktop\Nodejs\WSDL-Generator\node_modules\express\lib\router\route.js:131:13)
    at Route.dispatch (c:\Users\ss812960\Desktop\Nodejs\WSDL-Generator\node_modules\express\lib\router\route.js:112:3)
    at Layer.handle [as handle_request] (c:\Users\ss812960\Desktop\Nodejs\WSDL-Generator\node_modules\express\lib\router\layer.js:95:5)
    at c:\Users\ss812960\Desktop\Nodejs\WSDL-Generator\node_modules\express\lib\router\index.js:277:22
    at Function.process_params (c:\Users\ss812960\Desktop\Nodejs\WSDL-Generator\node_modules\express\lib\router\index.js:330:12)
    at next (c:\Users\ss812960\Desktop\Nodejs\WSDL-Generator\node_modules\express\lib\router\index.js:271:10)
    at Function.handle (c:\Users\ss812960\Desktop\Nodejs\WSDL-Generator\node_modules\express\lib\router\index.js:176:3)
    at router (c:\Users\ss812960\Desktop\Nodejs\WSDL-Generator\node_modules\express\lib\router\index.js:46:12)
[2016-04-05 22:38:01.397] [ERROR] createController - Error occurred while creating wsdl [Error: Already at the last node]
Error: Already at the last node
    at XMLElement.module.exports.XMLNode.next (c:\Users\ss812960\Desktop\Nodejs\WSDL-Generator\node_modules\xmlbuilder\lib\XMLNode.js:340:15)
    at getWsdlTypesEle (c:\Users\ss812960\Desktop\Nodejs\WSDL-Generator\server\helpers\xmlDocHelper.js:44:48)
    at Object.exports.buildXMLDoc (c:\Users\ss812960\Desktop\Nodejs\WSDL-Generator\server\helpers\xmlDocHelper.js:23:21)
    at exports.createWsdl.getWSDLFile (c:\Users\ss812960\Desktop\Nodejs\WSDL-Generator\server\controllers\createController.js:20:50)
    at c:\Users\ss812960\Desktop\Nodejs\WSDL-Generator\server\controllers\createController.js:44:29
    at Object.exports.createWsdl (c:\Users\ss812960\Desktop\Nodejs\WSDL-Generator\server\controllers\createController.js:54:20)
    at c:\Users\ss812960\Desktop\Nodejs\WSDL-Generator\server\config\router.js:11:20
    at Layer.handle [as handle_request] (c:\Users\ss812960\Desktop\Nodejs\WSDL-Generator\node_modules\express\lib\router\layer.js:95:5)
    at next (c:\Users\ss812960\Desktop\Nodejs\WSDL-Generator\node_modules\express\lib\router\route.js:131:13)
    at Route.dispatch (c:\Users\ss812960\Desktop\Nodejs\WSDL-Generator\node_modules\express\lib\router\route.js:112:3)
    at Layer.handle [as handle_request] (c:\Users\ss812960\Desktop\Nodejs\WSDL-Generator\node_modules\express\lib\router\layer.js:95:5)
    at c:\Users\ss812960\Desktop\Nodejs\WSDL-Generator\node_modules\express\lib\router\index.js:277:22
    at Function.process_params (c:\Users\ss812960\Desktop\Nodejs\WSDL-Generator\node_modules\express\lib\router\index.js:330:12)
    at next (c:\Users\ss812960\Desktop\Nodejs\WSDL-Generator\node_modules\express\lib\router\index.js:271:10)
    at Function.handle (c:\Users\ss812960\Desktop\Nodejs\WSDL-Generator\node_modules\express\lib\router\index.js:176:3)
    at router (c:\Users\ss812960\Desktop\Nodejs\WSDL-Generator\node_modules\express\lib\router\index.js:46:12)
